<?xml version="1.0" encoding="UTF-8" ?>
<testsuites name="vitest tests" tests="70" failures="0" errors="0" time="0.581385085">
    <testsuite name="src/test/example.test.ts" timestamp="2026-05-20T04:32:48.940Z" hostname="sandbox-pool-86f7b66999-rms48" tests="1" failures="0" errors="0" skipped="0" time="0.0034011">
        <testcase classname="src/test/example.test.ts" name="example &gt; should pass" time="0.001670456">
        </testcase>
    </testsuite>
    <testsuite name="src/test/unit/context.test.tsx" timestamp="2026-05-20T04:32:48.941Z" hostname="sandbox-pool-86f7b66999-rms48" tests="15" failures="0" errors="0" skipped="0" time="0.51106616">
        <testcase classname="src/test/unit/context.test.tsx" name="AppContext — cart (via useApp shim) &gt; starts with an empty cart" time="0.071338098">
        </testcase>
        <testcase classname="src/test/unit/context.test.tsx" name="AppContext — cart (via useApp shim) &gt; addToCart increments count and total" time="0.084179672">
        </testcase>
        <testcase classname="src/test/unit/context.test.tsx" name="AppContext — cart (via useApp shim) &gt; adding the same product again increases quantity" time="0.041639023">
        </testcase>
        <testcase classname="src/test/unit/context.test.tsx" name="AppContext — cart (via useApp shim) &gt; removeFromCart clears the item" time="0.031231597">
        </testcase>
        <testcase classname="src/test/unit/context.test.tsx" name="AppContext — cart (via useApp shim) &gt; updateQuantity sets new quantity" time="0.029845213">
        </testcase>
        <testcase classname="src/test/unit/context.test.tsx" name="AppContext — cart (via useApp shim) &gt; updateQuantity(id, 0) removes the item" time="0.027672607">
        </testcase>
        <testcase classname="src/test/unit/context.test.tsx" name="AppContext — cart (via useApp shim) &gt; total reflects sum of all items" time="0.037223765">
        </testcase>
        <testcase classname="src/test/unit/context.test.tsx" name="CartContext — variant isolation (P1 regression tests) &gt; two different variants are separate cart entries" time="0.02970333">
        </testcase>
        <testcase classname="src/test/unit/context.test.tsx" name="CartContext — variant isolation (P1 regression tests) &gt; removing one variant leaves the other intact" time="0.042647546">
        </testcase>
        <testcase classname="src/test/unit/context.test.tsx" name="CartContext — variant isolation (P1 regression tests) &gt; re-adding the same variant deduplicates (quantity++)" time="0.027600135">
        </testcase>
        <testcase classname="src/test/unit/context.test.tsx" name="CartContext — localStorage persistence &gt; writes cart to localStorage after add" time="0.019164983">
        </testcase>
        <testcase classname="src/test/unit/context.test.tsx" name="CartContext — localStorage persistence &gt; starts empty when localStorage is clear (beforeEach guarantee)" time="0.004580414">
        </testcase>
        <testcase classname="src/test/unit/context.test.tsx" name="AppContext — promo codes &gt; WELCOME10 sets promoDiscount to 10% of total" time="0.028050428">
        </testcase>
        <testcase classname="src/test/unit/context.test.tsx" name="AppContext — promo codes &gt; LUXURY20 applies when total exceeds minAmount" time="0.02951492">
        </testcase>
        <testcase classname="src/test/unit/context.test.tsx" name="AppContext — fp helper &gt; formats CNY with default currency" time="0.002623523">
        </testcase>
    </testsuite>
    <testsuite name="src/test/unit/schemas.test.ts" timestamp="2026-05-20T04:32:48.951Z" hostname="sandbox-pool-86f7b66999-rms48" tests="22" failures="0" errors="0" skipped="0" time="0.015784213">
        <testcase classname="src/test/unit/schemas.test.ts" name="checkoutSchema &gt; accepts a fully valid payload" time="0.004457249">
        </testcase>
        <testcase classname="src/test/unit/schemas.test.ts" name="checkoutSchema &gt; rejects empty name" time="0.001644549">
        </testcase>
        <testcase classname="src/test/unit/schemas.test.ts" name="checkoutSchema &gt; rejects malformed email" time="0.000528323">
        </testcase>
        <testcase classname="src/test/unit/schemas.test.ts" name="checkoutSchema &gt; rejects phone shorter than 7 chars" time="0.000558085">
        </testcase>
        <testcase classname="src/test/unit/schemas.test.ts" name="checkoutSchema &gt; rejects invalid paymentMethod" time="0.00073521">
        </testcase>
        <testcase classname="src/test/unit/schemas.test.ts" name="checkoutSchema &gt; accepts all three valid payment methods" time="0.000477281">
        </testcase>
        <testcase classname="src/test/unit/schemas.test.ts" name="checkoutSchema &gt; rejects giftMessage longer than 100 chars" time="0.000578344">
        </testcase>
        <testcase classname="src/test/unit/schemas.test.ts" name="checkoutSchema &gt; accepts giftMessage of exactly 100 chars" time="0.000443234">
        </testcase>
        <testcase classname="src/test/unit/schemas.test.ts" name="checkoutSchema &gt; optional address fields can be omitted" time="0.000946764">
        </testcase>
        <testcase classname="src/test/unit/schemas.test.ts" name="checkoutSchema &gt; defaults isGift to false when omitted" time="0.000344267">
        </testcase>
        <testcase classname="src/test/unit/schemas.test.ts" name="contactSchema &gt; accepts valid contact form data" time="0.000264404">
        </testcase>
        <testcase classname="src/test/unit/schemas.test.ts" name="contactSchema &gt; rejects message shorter than 10 chars" time="0.000472387">
        </testcase>
        <testcase classname="src/test/unit/schemas.test.ts" name="contactSchema &gt; rejects missing name" time="0.000216314">
        </testcase>
        <testcase classname="src/test/unit/schemas.test.ts" name="contactSchema &gt; rejects invalid email" time="0.000217909">
        </testcase>
        <testcase classname="src/test/unit/schemas.test.ts" name="contactSchema &gt; allows optional phone and subject" time="0.000268496">
        </testcase>
        <testcase classname="src/test/unit/schemas.test.ts" name="batchCodeSchema &gt; accepts PA-2025-001" time="0.00023873">
        </testcase>
        <testcase classname="src/test/unit/schemas.test.ts" name="batchCodeSchema &gt; accepts PA-2025-999" time="0.000195431">
        </testcase>
        <testcase classname="src/test/unit/schemas.test.ts" name="batchCodeSchema &gt; rejects lowercase pa-2025-001" time="0.000197496">
        </testcase>
        <testcase classname="src/test/unit/schemas.test.ts" name="batchCodeSchema &gt; rejects missing leading PA" time="0.000189029">
        </testcase>
        <testcase classname="src/test/unit/schemas.test.ts" name="batchCodeSchema &gt; rejects wrong digit count in batch number" time="0.00015507">
        </testcase>
        <testcase classname="src/test/unit/schemas.test.ts" name="batchCodeSchema &gt; rejects empty string" time="0.000088156">
        </testcase>
        <testcase classname="src/test/unit/schemas.test.ts" name="batchCodeSchema &gt; rejects arbitrary string" time="0.000085909">
        </testcase>
    </testsuite>
    <testsuite name="src/test/unit/store.test.ts" timestamp="2026-05-20T04:32:48.961Z" hostname="sandbox-pool-86f7b66999-rms48" tests="32" failures="0" errors="0" skipped="0" time="0.051133612">
        <testcase classname="src/test/unit/store.test.ts" name="formatPrice &gt; formats NZD with symbol and no decimal" time="0.030359309">
        </testcase>
        <testcase classname="src/test/unit/store.test.ts" name="formatPrice &gt; formats CNY with ¥ symbol" time="0.000551146">
        </testcase>
        <testcase classname="src/test/unit/store.test.ts" name="formatPrice &gt; formats USD with US$ symbol" time="0.000392652">
        </testcase>
        <testcase classname="src/test/unit/store.test.ts" name="formatPrice &gt; formats large CNY amount with thousand separator" time="0.000369814">
        </testcase>
        <testcase classname="src/test/unit/store.test.ts" name="PROMO_CODES definitions &gt; WELCOME10 is a 10% percent discount with no minimum" time="0.003258852">
        </testcase>
        <testcase classname="src/test/unit/store.test.ts" name="PROMO_CODES definitions &gt; LUXURY20 requires minAmount of 500" time="0.001274436">
        </testcase>
        <testcase classname="src/test/unit/store.test.ts" name="PROMO_CODES definitions &gt; ALPACA50 is a fixed $50 discount" time="0.000381033">
        </testcase>
        <testcase classname="src/test/unit/store.test.ts" name="applyPromo calculation &gt; WELCOME10 gives 10% of cart total" time="0.000351321">
        </testcase>
        <testcase classname="src/test/unit/store.test.ts" name="applyPromo calculation &gt; WELCOME10 is case-insensitive" time="0.003964146">
        </testcase>
        <testcase classname="src/test/unit/store.test.ts" name="applyPromo calculation &gt; LUXURY20 fails when cart is below 500" time="0.000519637">
        </testcase>
        <testcase classname="src/test/unit/store.test.ts" name="applyPromo calculation &gt; LUXURY20 applies when cart is exactly 500" time="0.000299649">
        </testcase>
        <testcase classname="src/test/unit/store.test.ts" name="applyPromo calculation &gt; LUXURY20 applies 20% when cart exceeds minimum" time="0.000852025">
        </testcase>
        <testcase classname="src/test/unit/store.test.ts" name="applyPromo calculation &gt; ALPACA50 gives fixed 50 regardless of cart total" time="0.000511386">
        </testcase>
        <testcase classname="src/test/unit/store.test.ts" name="applyPromo calculation &gt; unknown code returns false" time="0.00020759">
        </testcase>
        <testcase classname="src/test/unit/store.test.ts" name="cart total calculation &gt; single item × 1 in NZD" time="0.000262806">
        </testcase>
        <testcase classname="src/test/unit/store.test.ts" name="cart total calculation &gt; single item × 2 doubles the total" time="0.000357571">
        </testcase>
        <testcase classname="src/test/unit/store.test.ts" name="cart total calculation &gt; two different items sum correctly in NZD" time="0.000133472">
        </testcase>
        <testcase classname="src/test/unit/store.test.ts" name="cart total calculation &gt; uses CNY prices when currency is CNY" time="0.000076858">
        </testcase>
        <testcase classname="src/test/unit/store.test.ts" name="cart total calculation &gt; uses USD prices when currency is USD" time="0.000059369">
        </testcase>
        <testcase classname="src/test/unit/store.test.ts" name="cart total calculation &gt; empty cart total is 0" time="0.000058275">
        </testcase>
        <testcase classname="src/test/unit/store.test.ts" name="cart total calculation &gt; cart count sums quantities" time="0.000075199">
        </testcase>
        <testcase classname="src/test/unit/store.test.ts" name="shipping threshold logic &gt; order below 500 NZD incurs shipping" time="0.000059528">
        </testcase>
        <testcase classname="src/test/unit/store.test.ts" name="shipping threshold logic &gt; order at exactly 500 NZD is free shipping" time="0.000044758">
        </testcase>
        <testcase classname="src/test/unit/store.test.ts" name="shipping threshold logic &gt; duvet-classic at NZD$579 qualifies for free shipping" time="0.000072164">
        </testcase>
        <testcase classname="src/test/unit/store.test.ts" name="product catalogue &gt; has at least 8 products" time="0.000395277">
        </testcase>
        <testcase classname="src/test/unit/store.test.ts" name="product catalogue &gt; every product has prices for all three currencies" time="0.001010245">
        </testcase>
        <testcase classname="src/test/unit/store.test.ts" name="product catalogue &gt; every product has a non-empty id" time="0.00048871">
        </testcase>
        <testcase classname="src/test/unit/store.test.ts" name="product catalogue &gt; duvet-classic exists and is featured" time="0.000249024">
        </testcase>
        <testcase classname="src/test/unit/store.test.ts" name="product catalogue &gt; CNY prices are approximately 4.5× NZD prices" time="0.000645673">
        </testcase>
        <testcase classname="src/test/unit/store.test.ts" name="exchange rates &gt; NZD base rate is 1" time="0.000255331">
        </testcase>
        <testcase classname="src/test/unit/store.test.ts" name="exchange rates &gt; CNY rate is 4.5" time="0.000156076">
        </testcase>
        <testcase classname="src/test/unit/store.test.ts" name="exchange rates &gt; USD rate is 0.6" time="0.000100722">
        </testcase>
    </testsuite>
</testsuites>
