<?xml version="1.0" encoding="UTF-8" ?>
<testsuites name="vitest tests" tests="66" failures="0" errors="0" time="1.2114938">
    <testsuite name="src/test/example.test.ts" timestamp="2026-04-04T23:45:29.417Z" hostname="LAPTOP-73K7OARV" tests="1" failures="0" errors="0" skipped="0" time="0.0058341">
        <testcase classname="src/test/example.test.ts" name="example &gt; should pass" time="0.0024727">
        </testcase>
    </testsuite>
    <testsuite name="src/test/unit/context.test.tsx" timestamp="2026-04-04T23:45:29.421Z" hostname="LAPTOP-73K7OARV" tests="11" failures="0" errors="0" skipped="0" time="1.1169074">
        <testcase classname="src/test/unit/context.test.tsx" name="AppContext — cart &gt; starts with an empty cart" time="0.1082554">
        </testcase>
        <testcase classname="src/test/unit/context.test.tsx" name="AppContext — cart &gt; addToCart increments count and total" time="0.1302181">
        </testcase>
        <testcase classname="src/test/unit/context.test.tsx" name="AppContext — cart &gt; adding the same product again increases quantity" time="0.1170127">
        </testcase>
        <testcase classname="src/test/unit/context.test.tsx" name="AppContext — cart &gt; addToCart opens cart (cartOpen=true)" time="0.0597242">
        </testcase>
        <testcase classname="src/test/unit/context.test.tsx" name="AppContext — cart &gt; removeFromCart clears the item" time="0.1152409">
        </testcase>
        <testcase classname="src/test/unit/context.test.tsx" name="AppContext — cart &gt; updateQuantity sets new quantity" time="0.137537">
        </testcase>
        <testcase classname="src/test/unit/context.test.tsx" name="AppContext — cart &gt; updateQuantity(id, 0) removes the item" time="0.1167235">
        </testcase>
        <testcase classname="src/test/unit/context.test.tsx" name="AppContext — cart &gt; total reflects sum of all items" time="0.1037068">
        </testcase>
        <testcase classname="src/test/unit/context.test.tsx" name="AppContext — promo codes &gt; WELCOME10 sets promoDiscount to 10% of total" time="0.1102093">
        </testcase>
        <testcase classname="src/test/unit/context.test.tsx" name="AppContext — promo codes &gt; LUXURY20 applies when total exceeds minAmount" time="0.1062418">
        </testcase>
        <testcase classname="src/test/unit/context.test.tsx" name="AppContext — fp helper &gt; fp uses default CNY currency" time="0.0067881">
        </testcase>
    </testsuite>
    <testsuite name="src/test/unit/schemas.test.ts" timestamp="2026-04-04T23:45:29.432Z" hostname="LAPTOP-73K7OARV" tests="22" failures="0" errors="0" skipped="0" time="0.0233334">
        <testcase classname="src/test/unit/schemas.test.ts" name="checkoutSchema &gt; accepts a fully valid payload" time="0.0089681">
        </testcase>
        <testcase classname="src/test/unit/schemas.test.ts" name="checkoutSchema &gt; rejects empty name" time="0.0027309">
        </testcase>
        <testcase classname="src/test/unit/schemas.test.ts" name="checkoutSchema &gt; rejects malformed email" time="0.0006868">
        </testcase>
        <testcase classname="src/test/unit/schemas.test.ts" name="checkoutSchema &gt; rejects phone shorter than 7 chars" time="0.0004406">
        </testcase>
        <testcase classname="src/test/unit/schemas.test.ts" name="checkoutSchema &gt; rejects invalid paymentMethod" time="0.0008024">
        </testcase>
        <testcase classname="src/test/unit/schemas.test.ts" name="checkoutSchema &gt; accepts all three valid payment methods" time="0.0005397">
        </testcase>
        <testcase classname="src/test/unit/schemas.test.ts" name="checkoutSchema &gt; rejects giftMessage longer than 100 chars" time="0.0007567">
        </testcase>
        <testcase classname="src/test/unit/schemas.test.ts" name="checkoutSchema &gt; accepts giftMessage of exactly 100 chars" time="0.0003716">
        </testcase>
        <testcase classname="src/test/unit/schemas.test.ts" name="checkoutSchema &gt; optional address fields can be omitted" time="0.0009426">
        </testcase>
        <testcase classname="src/test/unit/schemas.test.ts" name="checkoutSchema &gt; defaults isGift to false when omitted" time="0.0005332">
        </testcase>
        <testcase classname="src/test/unit/schemas.test.ts" name="contactSchema &gt; accepts valid contact form data" time="0.0003994">
        </testcase>
        <testcase classname="src/test/unit/schemas.test.ts" name="contactSchema &gt; rejects message shorter than 10 chars" time="0.0005102">
        </testcase>
        <testcase classname="src/test/unit/schemas.test.ts" name="contactSchema &gt; rejects missing name" time="0.0002279">
        </testcase>
        <testcase classname="src/test/unit/schemas.test.ts" name="contactSchema &gt; rejects invalid email" time="0.000177">
        </testcase>
        <testcase classname="src/test/unit/schemas.test.ts" name="contactSchema &gt; allows optional phone and subject" time="0.0002877">
        </testcase>
        <testcase classname="src/test/unit/schemas.test.ts" name="batchCodeSchema &gt; accepts PA-2025-001" time="0.0005203">
        </testcase>
        <testcase classname="src/test/unit/schemas.test.ts" name="batchCodeSchema &gt; accepts PA-2025-999" time="0.0003079">
        </testcase>
        <testcase classname="src/test/unit/schemas.test.ts" name="batchCodeSchema &gt; rejects lowercase pa-2025-001" time="0.0002215">
        </testcase>
        <testcase classname="src/test/unit/schemas.test.ts" name="batchCodeSchema &gt; rejects missing leading PA" time="0.0001686">
        </testcase>
        <testcase classname="src/test/unit/schemas.test.ts" name="batchCodeSchema &gt; rejects wrong digit count in batch number" time="0.0001726">
        </testcase>
        <testcase classname="src/test/unit/schemas.test.ts" name="batchCodeSchema &gt; rejects empty string" time="0.0001127">
        </testcase>
        <testcase classname="src/test/unit/schemas.test.ts" name="batchCodeSchema &gt; rejects arbitrary string" time="0.0001058">
        </testcase>
    </testsuite>
    <testsuite name="src/test/unit/store.test.ts" timestamp="2026-04-04T23:45:29.448Z" hostname="LAPTOP-73K7OARV" tests="32" failures="0" errors="0" skipped="0" time="0.0654189">
        <testcase classname="src/test/unit/store.test.ts" name="formatPrice &gt; formats NZD with symbol and no decimal" time="0.0472159">
        </testcase>
        <testcase classname="src/test/unit/store.test.ts" name="formatPrice &gt; formats CNY with ¥ symbol" time="0.0007388">
        </testcase>
        <testcase classname="src/test/unit/store.test.ts" name="formatPrice &gt; formats USD with US$ symbol" time="0.0004766">
        </testcase>
        <testcase classname="src/test/unit/store.test.ts" name="formatPrice &gt; formats large CNY amount with thousand separator" time="0.0003223">
        </testcase>
        <testcase classname="src/test/unit/store.test.ts" name="PROMO_CODES definitions &gt; WELCOME10 is a 10% percent discount with no minimum" time="0.0014401">
        </testcase>
        <testcase classname="src/test/unit/store.test.ts" name="PROMO_CODES definitions &gt; LUXURY20 requires minAmount of 500" time="0.0014261">
        </testcase>
        <testcase classname="src/test/unit/store.test.ts" name="PROMO_CODES definitions &gt; ALPACA50 is a fixed $50 discount" time="0.0005171">
        </testcase>
        <testcase classname="src/test/unit/store.test.ts" name="applyPromo calculation &gt; WELCOME10 gives 10% of cart total" time="0.0004931">
        </testcase>
        <testcase classname="src/test/unit/store.test.ts" name="applyPromo calculation &gt; WELCOME10 is case-insensitive" time="0.0002503">
        </testcase>
        <testcase classname="src/test/unit/store.test.ts" name="applyPromo calculation &gt; LUXURY20 fails when cart is below 500" time="0.0005739">
        </testcase>
        <testcase classname="src/test/unit/store.test.ts" name="applyPromo calculation &gt; LUXURY20 applies when cart is exactly 500" time="0.0010746">
        </testcase>
        <testcase classname="src/test/unit/store.test.ts" name="applyPromo calculation &gt; LUXURY20 applies 20% when cart exceeds minimum" time="0.0005544">
        </testcase>
        <testcase classname="src/test/unit/store.test.ts" name="applyPromo calculation &gt; ALPACA50 gives fixed 50 regardless of cart total" time="0.0006073">
        </testcase>
        <testcase classname="src/test/unit/store.test.ts" name="applyPromo calculation &gt; unknown code returns false" time="0.0004488">
        </testcase>
        <testcase classname="src/test/unit/store.test.ts" name="cart total calculation &gt; single item × 1 in NZD" time="0.0002724">
        </testcase>
        <testcase classname="src/test/unit/store.test.ts" name="cart total calculation &gt; single item × 2 doubles the total" time="0.0002902">
        </testcase>
        <testcase classname="src/test/unit/store.test.ts" name="cart total calculation &gt; two different items sum correctly in NZD" time="0.0002122">
        </testcase>
        <testcase classname="src/test/unit/store.test.ts" name="cart total calculation &gt; uses CNY prices when currency is CNY" time="0.0001619">
        </testcase>
        <testcase classname="src/test/unit/store.test.ts" name="cart total calculation &gt; uses USD prices when currency is USD" time="0.0001294">
        </testcase>
        <testcase classname="src/test/unit/store.test.ts" name="cart total calculation &gt; empty cart total is 0" time="0.0002098">
        </testcase>
        <testcase classname="src/test/unit/store.test.ts" name="cart total calculation &gt; cart count sums quantities" time="0.0003318">
        </testcase>
        <testcase classname="src/test/unit/store.test.ts" name="shipping threshold logic &gt; order below 500 NZD incurs shipping" time="0.0001899">
        </testcase>
        <testcase classname="src/test/unit/store.test.ts" name="shipping threshold logic &gt; order at exactly 500 NZD is free shipping" time="0.0001151">
        </testcase>
        <testcase classname="src/test/unit/store.test.ts" name="shipping threshold logic &gt; duvet-classic at NZD$579 qualifies for free shipping" time="0.0005263">
        </testcase>
        <testcase classname="src/test/unit/store.test.ts" name="product catalogue &gt; has at least 8 products" time="0.0002633">
        </testcase>
        <testcase classname="src/test/unit/store.test.ts" name="product catalogue &gt; every product has prices for all three currencies" time="0.0008278">
        </testcase>
        <testcase classname="src/test/unit/store.test.ts" name="product catalogue &gt; every product has a non-empty id" time="0.0003523">
        </testcase>
        <testcase classname="src/test/unit/store.test.ts" name="product catalogue &gt; duvet-classic exists and is featured" time="0.0001861">
        </testcase>
        <testcase classname="src/test/unit/store.test.ts" name="product catalogue &gt; CNY prices are approximately 4.5× NZD prices" time="0.0011622">
        </testcase>
        <testcase classname="src/test/unit/store.test.ts" name="exchange rates &gt; NZD base rate is 1" time="0.0002076">
        </testcase>
        <testcase classname="src/test/unit/store.test.ts" name="exchange rates &gt; CNY rate is 4.5" time="0.0001174">
        </testcase>
        <testcase classname="src/test/unit/store.test.ts" name="exchange rates &gt; USD rate is 0.6" time="0.0000931">
        </testcase>
    </testsuite>
</testsuites>
